{"/Users/yeiconcr/Desktop/Proyectos Desarrollo/Sagim/sagim-app/src/components/shared/FormField.tsx": {"path":"/Users/yeiconcr/Desktop/Proyectos Desarrollo/Sagim/sagim-app/src/components/shared/FormField.tsx","statementMap":{"0":{"start":{"line":29,"column":2},"end":{"line":40,"column":null}}},"fnMap":{"0":{"name":"FormField","decl":{"start":{"line":20,"column":16},"end":{"line":20,"column":26}},"loc":{"start":{"line":28,"column":19},"end":{"line":42,"column":null}},"line":28}},"branchMap":{"0":{"loc":{"start":{"line":31,"column":45},"end":{"line":31,"column":72}},"type":"binary-expr","locations":[{"start":{"line":31,"column":45},"end":{"line":31,"column":54}},{"start":{"line":31,"column":54},"end":{"line":31,"column":72}}],"line":31},"1":{"loc":{"start":{"line":33,"column":9},"end":{"line":33,"column":null}},"type":"binary-expr","locations":[{"start":{"line":33,"column":9},"end":{"line":33,"column":21}},{"start":{"line":33,"column":21},"end":{"line":33,"column":null}}],"line":33},"2":{"loc":{"start":{"line":36,"column":7},"end":{"line":37,"column":null}},"type":"binary-expr","locations":[{"start":{"line":36,"column":7},"end":{"line":36,"column":22}},{"start":{"line":36,"column":22},"end":{"line":36,"column":null}},{"start":{"line":37,"column":8},"end":{"line":37,"column":null}}],"line":36},"3":{"loc":{"start":{"line":39,"column":7},"end":{"line":39,"column":null}},"type":"binary-expr","locations":[{"start":{"line":39,"column":7},"end":{"line":39,"column":16}},{"start":{"line":39,"column":16},"end":{"line":39,"column":null}}],"line":39}},"s":{"0":10},"f":{"0":10},"b":{"0":[10,3],"1":[10,1],"2":[10,2,1],"3":[10,3]},"meta":{"lastBranch":4,"lastFunction":1,"lastStatement":1,"seen":{"f:20:16:20:26":0,"s:29:2:40:Infinity":0,"b:31:45:31:54:31:54:31:72":0,"b:33:9:33:21:33:21:33:Infinity":1,"b:36:7:36:22:36:22:36:Infinity:37:8:37:Infinity":2,"b:39:7:39:16:39:16:39:Infinity":3},"fnNames":{}}}
,"/Users/yeiconcr/Desktop/Proyectos Desarrollo/Sagim/sagim-app/src/components/shared/LoadingSpinner.tsx": {"path":"/Users/yeiconcr/Desktop/Proyectos Desarrollo/Sagim/sagim-app/src/components/shared/LoadingSpinner.tsx","statementMap":{"0":{"start":{"line":10,"column":20},"end":{"line":14,"column":null}},"1":{"start":{"line":16,"column":2},"end":{"line":25,"column":null}},"2":{"start":{"line":30,"column":2},"end":{"line":33,"column":null}}},"fnMap":{"0":{"name":"LoadingSpinner","decl":{"start":{"line":9,"column":16},"end":{"line":9,"column":31}},"loc":{"start":{"line":9,"column":86},"end":{"line":27,"column":null}},"line":9},"1":{"name":"PageLoading","decl":{"start":{"line":29,"column":16},"end":{"line":29,"column":28}},"loc":{"start":{"line":29,"column":73},"end":{"line":35,"column":null}},"line":29}},"branchMap":{"0":{"loc":{"start":{"line":9,"column":33},"end":{"line":9,"column":46}},"type":"default-arg","locations":[{"start":{"line":9,"column":40},"end":{"line":9,"column":46}}],"line":9},"1":{"loc":{"start":{"line":24,"column":7},"end":{"line":24,"column":null}},"type":"binary-expr","locations":[{"start":{"line":24,"column":7},"end":{"line":24,"column":15}},{"start":{"line":24,"column":15},"end":{"line":24,"column":null}}],"line":24},"2":{"loc":{"start":{"line":29,"column":30},"end":{"line":29,"column":51}},"type":"default-arg","locations":[{"start":{"line":29,"column":37},"end":{"line":29,"column":51}}],"line":29}},"s":{"0":10,"1":10,"2":3},"f":{"0":10,"1":3},"b":{"0":[10],"1":[10,4],"2":[3]},"meta":{"lastBranch":3,"lastFunction":2,"lastStatement":3,"seen":{"f:9:16:9:31":0,"b:9:40:9:46":0,"s:10:20:14:Infinity":0,"s:16:2:25:Infinity":1,"b:24:7:24:15:24:15:24:Infinity":1,"f:29:16:29:28":1,"b:29:37:29:51":2,"s:30:2:33:Infinity":2},"fnNames":{}}}
,"/Users/yeiconcr/Desktop/Proyectos Desarrollo/Sagim/sagim-app/src/components/shared/StatusBadge.tsx": {"path":"/Users/yeiconcr/Desktop/Proyectos Desarrollo/Sagim/sagim-app/src/components/shared/StatusBadge.tsx","statementMap":{"0":{"start":{"line":11,"column":143},"end":{"line":18,"column":null}},"1":{"start":{"line":21,"column":17},"end":{"line":21,"column":null}},"2":{"start":{"line":22,"column":2},"end":{"line":25,"column":null}}},"fnMap":{"0":{"name":"StatusBadge","decl":{"start":{"line":20,"column":16},"end":{"line":20,"column":28}},"loc":{"start":{"line":20,"column":58},"end":{"line":27,"column":null}},"line":20}},"branchMap":{"0":{"loc":{"start":{"line":21,"column":17},"end":{"line":21,"column":null}},"type":"binary-expr","locations":[{"start":{"line":21,"column":17},"end":{"line":21,"column":42}},{"start":{"line":21,"column":42},"end":{"line":21,"column":null}}],"line":21}},"s":{"0":1,"1":8,"2":8},"f":{"0":8},"b":{"0":[8,1]},"meta":{"lastBranch":1,"lastFunction":1,"lastStatement":3,"seen":{"s:11:143:18:Infinity":0,"f:20:16:20:28":0,"s:21:17:21:Infinity":1,"b:21:17:21:42:21:42:21:Infinity":0,"s:22:2:25:Infinity":2},"fnNames":{}}}
,"/Users/yeiconcr/Desktop/Proyectos Desarrollo/Sagim/sagim-app/src/components/ui/badge.tsx": {"path":"/Users/yeiconcr/Desktop/Proyectos Desarrollo/Sagim/sagim-app/src/components/ui/badge.tsx","statementMap":{"0":{"start":{"line":5,"column":6},"end":{"line":22,"column":null}},"1":{"start":{"line":29,"column":2},"end":{"line":29,"column":null}}},"fnMap":{"0":{"name":"Badge","decl":{"start":{"line":28,"column":9},"end":{"line":28,"column":15}},"loc":{"start":{"line":28,"column":61},"end":{"line":30,"column":null}},"line":28}},"branchMap":{},"s":{"0":1,"1":8},"f":{"0":8},"b":{},"meta":{"lastBranch":0,"lastFunction":1,"lastStatement":2,"seen":{"s:5:6:22:Infinity":0,"f:28:9:28:15":0,"s:29:2:29:Infinity":1},"fnNames":{}}}
,"/Users/yeiconcr/Desktop/Proyectos Desarrollo/Sagim/sagim-app/src/components/ui/button.tsx": {"path":"/Users/yeiconcr/Desktop/Proyectos Desarrollo/Sagim/sagim-app/src/components/ui/button.tsx","statementMap":{"0":{"start":{"line":6,"column":6},"end":{"line":30,"column":null}},"1":{"start":{"line":38,"column":15},"end":{"line":49,"column":null}},"2":{"start":{"line":40,"column":17},"end":{"line":40,"column":null}},"3":{"start":{"line":41,"column":4},"end":{"line":46,"column":null}},"4":{"start":{"line":50,"column":0},"end":{"line":50,"column":null}}},"fnMap":{"0":{"name":"(anonymous_0)","decl":{"start":{"line":39,"column":2},"end":{"line":39,"column":3}},"loc":{"start":{"line":39,"column":68},"end":{"line":48,"column":null}},"line":39}},"branchMap":{"0":{"loc":{"start":{"line":39,"column":31},"end":{"line":39,"column":48}},"type":"default-arg","locations":[{"start":{"line":39,"column":41},"end":{"line":39,"column":48}}],"line":39},"1":{"loc":{"start":{"line":40,"column":17},"end":{"line":40,"column":null}},"type":"cond-expr","locations":[{"start":{"line":40,"column":27},"end":{"line":40,"column":34}},{"start":{"line":40,"column":34},"end":{"line":40,"column":null}}],"line":40}},"s":{"0":1,"1":1,"2":16,"3":16,"4":1},"f":{"0":16},"b":{"0":[16],"1":[1,15]},"meta":{"lastBranch":2,"lastFunction":1,"lastStatement":5,"seen":{"s:6:6:30:Infinity":0,"s:38:15:49:Infinity":1,"f:39:2:39:3":0,"b:39:41:39:48":0,"s:40:17:40:Infinity":2,"b:40:27:40:34:40:34:40:Infinity":1,"s:41:4:46:Infinity":3,"s:50:0:50:Infinity":4},"fnNames":{}}}
,"/Users/yeiconcr/Desktop/Proyectos Desarrollo/Sagim/sagim-app/src/components/ui/label.tsx": {"path":"/Users/yeiconcr/Desktop/Proyectos Desarrollo/Sagim/sagim-app/src/components/ui/label.tsx","statementMap":{"0":{"start":{"line":6,"column":6},"end":{"line":8,"column":null}},"1":{"start":{"line":10,"column":14},"end":{"line":20,"column":null}},"2":{"start":{"line":15,"column":2},"end":{"line":19,"column":null}},"3":{"start":{"line":21,"column":0},"end":{"line":21,"column":null}}},"fnMap":{"0":{"name":"(anonymous_0)","decl":{"start":{"line":14,"column":2},"end":{"line":14,"column":3}},"loc":{"start":{"line":15,"column":2},"end":{"line":19,"column":null}},"line":15}},"branchMap":{},"s":{"0":1,"1":1,"2":10,"3":1},"f":{"0":10},"b":{},"meta":{"lastBranch":0,"lastFunction":1,"lastStatement":4,"seen":{"s:6:6:8:Infinity":0,"s:10:14:20:Infinity":1,"f:14:2:14:3":0,"s:15:2:19:Infinity":2,"s:21:0:21:Infinity":3},"fnNames":{}}}
,"/Users/yeiconcr/Desktop/Proyectos Desarrollo/Sagim/sagim-app/src/db/queries/clientes.ts": {"path":"/Users/yeiconcr/Desktop/Proyectos Desarrollo/Sagim/sagim-app/src/db/queries/clientes.ts","statementMap":{"0":{"start":{"line":17,"column":6},"end":{"line":17,"column":null}},"1":{"start":{"line":19,"column":8},"end":{"line":19,"column":null}},"2":{"start":{"line":20,"column":31},"end":{"line":20,"column":null}},"3":{"start":{"line":21,"column":26},"end":{"line":21,"column":null}},"4":{"start":{"line":23,"column":2},"end":{"line":26,"column":null}},"5":{"start":{"line":24,"column":4},"end":{"line":24,"column":null}},"6":{"start":{"line":25,"column":4},"end":{"line":25,"column":null}},"7":{"start":{"line":28,"column":2},"end":{"line":31,"column":null}},"8":{"start":{"line":29,"column":4},"end":{"line":29,"column":null}},"9":{"start":{"line":30,"column":4},"end":{"line":30,"column":null}},"10":{"start":{"line":33,"column":16},"end":{"line":33,"column":null}},"11":{"start":{"line":34,"column":23},"end":{"line":34,"column":null}},"12":{"start":{"line":35,"column":22},"end":{"line":35,"column":null}},"13":{"start":{"line":36,"column":18},"end":{"line":36,"column":null}},"14":{"start":{"line":38,"column":20},"end":{"line":41,"column":null}},"15":{"start":{"line":42,"column":16},"end":{"line":42,"column":null}},"16":{"start":{"line":44,"column":15},"end":{"line":47,"column":null}},"17":{"start":{"line":50,"column":19},"end":{"line":53,"column":null}},"18":{"start":{"line":50,"column":36},"end":{"line":53,"column":4}},"19":{"start":{"line":55,"column":2},"end":{"line":61,"column":null}},"20":{"start":{"line":65,"column":15},"end":{"line":68,"column":null}},"21":{"start":{"line":69,"column":2},"end":{"line":69,"column":null}},"22":{"start":{"line":73,"column":15},"end":{"line":76,"column":null}},"23":{"start":{"line":77,"column":2},"end":{"line":77,"column":null}},"24":{"start":{"line":85,"column":18},"end":{"line":85,"column":null}},"25":{"start":{"line":86,"column":2},"end":{"line":86,"column":null}},"26":{"start":{"line":86,"column":16},"end":{"line":86,"column":null}},"27":{"start":{"line":88,"column":16},"end":{"line":97,"column":null}},"28":{"start":{"line":99,"column":43},"end":{"line":99,"column":null}},"29":{"start":{"line":100,"column":41},"end":{"line":100,"column":null}},"30":{"start":{"line":102,"column":2},"end":{"line":107,"column":null}},"31":{"start":{"line":103,"column":19},"end":{"line":103,"column":null}},"32":{"start":{"line":104,"column":10},"end":{"line":104,"column":null}},"33":{"start":{"line":105,"column":4},"end":{"line":105,"column":null}},"34":{"start":{"line":106,"column":4},"end":{"line":106,"column":null}},"35":{"start":{"line":109,"column":2},"end":{"line":114,"column":null}},"36":{"start":{"line":120,"column":17},"end":{"line":131,"column":null}},"37":{"start":{"line":132,"column":2},"end":{"line":132,"column":null}},"38":{"start":{"line":139,"column":17},"end":{"line":140,"column":null}},"39":{"start":{"line":140,"column":19},"end":{"line":140,"column":103}},"40":{"start":{"line":141,"column":2},"end":{"line":141,"column":null}},"41":{"start":{"line":141,"column":27},"end":{"line":141,"column":null}},"42":{"start":{"line":143,"column":15},"end":{"line":143,"column":null}},"43":{"start":{"line":143,"column":36},"end":{"line":143,"column":54}},"44":{"start":{"line":144,"column":17},"end":{"line":144,"column":null}},"45":{"start":{"line":144,"column":36},"end":{"line":144,"column":71}},"46":{"start":{"line":146,"column":2},"end":{"line":149,"column":null}},"47":{"start":{"line":153,"column":2},"end":{"line":153,"column":null}},"48":{"start":{"line":157,"column":2},"end":{"line":157,"column":null}},"49":{"start":{"line":161,"column":2},"end":{"line":161,"column":null}},"50":{"start":{"line":165,"column":15},"end":{"line":167,"column":null}},"51":{"start":{"line":168,"column":2},"end":{"line":168,"column":null}},"52":{"start":{"line":172,"column":2},"end":{"line":172,"column":null}},"53":{"start":{"line":180,"column":2},"end":{"line":183,"column":null}},"54":{"start":{"line":187,"column":15},"end":{"line":190,"column":null}},"55":{"start":{"line":191,"column":2},"end":{"line":191,"column":null}},"56":{"start":{"line":195,"column":17},"end":{"line":203,"column":null}},"57":{"start":{"line":204,"column":2},"end":{"line":204,"column":null}},"58":{"start":{"line":208,"column":17},"end":{"line":208,"column":null}},"59":{"start":{"line":209,"column":2},"end":{"line":209,"column":null}},"60":{"start":{"line":209,"column":27},"end":{"line":209,"column":null}},"61":{"start":{"line":210,"column":15},"end":{"line":210,"column":null}},"62":{"start":{"line":210,"column":36},"end":{"line":210,"column":54}},"63":{"start":{"line":211,"column":17},"end":{"line":211,"column":null}},"64":{"start":{"line":211,"column":36},"end":{"line":211,"column":71}},"65":{"start":{"line":212,"column":2},"end":{"line":212,"column":null}},"66":{"start":{"line":216,"column":2},"end":{"line":216,"column":null}},"67":{"start":{"line":224,"column":2},"end":{"line":230,"column":null}},"68":{"start":{"line":238,"column":8},"end":{"line":238,"column":null}},"69":{"start":{"line":239,"column":8},"end":{"line":239,"column":null}},"70":{"start":{"line":241,"column":2},"end":{"line":274,"column":null}},"71":{"start":{"line":278,"column":8},"end":{"line":278,"column":null}},"72":{"start":{"line":279,"column":14},"end":{"line":279,"column":null}},"73":{"start":{"line":280,"column":14},"end":{"line":280,"column":null}},"74":{"start":{"line":282,"column":2},"end":{"line":299,"column":null}},"75":{"start":{"line":303,"column":8},"end":{"line":303,"column":null}},"76":{"start":{"line":305,"column":2},"end":{"line":326,"column":null}},"77":{"start":{"line":330,"column":2},"end":{"line":330,"column":null}},"78":{"start":{"line":330,"column":28},"end":{"line":330,"column":null}},"79":{"start":{"line":331,"column":14},"end":{"line":334,"column":null}},"80":{"start":{"line":331,"column":36},"end":{"line":334,"column":4}},"81":{"start":{"line":335,"column":2},"end":{"line":335,"column":null}}},"fnMap":{"0":{"name":"getClientes","decl":{"start":{"line":9,"column":22},"end":{"line":9,"column":34}},"loc":{"start":{"line":9,"column":95},"end":{"line":62,"column":null}},"line":9},"1":{"name":"(anonymous_1)","decl":{"start":{"line":50,"column":28},"end":{"line":50,"column":29}},"loc":{"start":{"line":50,"column":36},"end":{"line":53,"column":4}},"line":50},"2":{"name":"getClienteByCedula","decl":{"start":{"line":64,"column":22},"end":{"line":64,"column":41}},"loc":{"start":{"line":64,"column":82},"end":{"line":70,"column":null}},"line":64},"3":{"name":"getClienteByInscripcion","decl":{"start":{"line":72,"column":22},"end":{"line":72,"column":46}},"loc":{"start":{"line":72,"column":92},"end":{"line":78,"column":null}},"line":72},"4":{"name":"getClienteConVencimiento","decl":{"start":{"line":84,"column":22},"end":{"line":84,"column":47}},"loc":{"start":{"line":84,"column":88},"end":{"line":115,"column":null}},"line":84},"5":{"name":"createCliente","decl":{"start":{"line":117,"column":22},"end":{"line":117,"column":null}},"loc":{"start":{"line":119,"column":19},"end":{"line":133,"column":null}},"line":119},"6":{"name":"updateCliente","decl":{"start":{"line":135,"column":22},"end":{"line":135,"column":null}},"loc":{"start":{"line":138,"column":17},"end":{"line":150,"column":null}},"line":138},"7":{"name":"(anonymous_7)","decl":{"start":{"line":140,"column":12},"end":{"line":140,"column":13}},"loc":{"start":{"line":140,"column":19},"end":{"line":140,"column":103}},"line":140},"8":{"name":"(anonymous_8)","decl":{"start":{"line":143,"column":26},"end":{"line":143,"column":27}},"loc":{"start":{"line":143,"column":36},"end":{"line":143,"column":54}},"line":143},"9":{"name":"(anonymous_9)","decl":{"start":{"line":144,"column":28},"end":{"line":144,"column":29}},"loc":{"start":{"line":144,"column":36},"end":{"line":144,"column":71}},"line":144},"10":{"name":"deleteCliente","decl":{"start":{"line":152,"column":22},"end":{"line":152,"column":36}},"loc":{"start":{"line":152,"column":67},"end":{"line":154,"column":null}},"line":152},"11":{"name":"inactivarCliente","decl":{"start":{"line":156,"column":22},"end":{"line":156,"column":39}},"loc":{"start":{"line":156,"column":70},"end":{"line":158,"column":null}},"line":156},"12":{"name":"activarCliente","decl":{"start":{"line":160,"column":22},"end":{"line":160,"column":37}},"loc":{"start":{"line":160,"column":68},"end":{"line":162,"column":null}},"line":160},"13":{"name":"countClientesActivos","decl":{"start":{"line":164,"column":22},"end":{"line":164,"column":62}},"loc":{"start":{"line":164,"column":62},"end":{"line":169,"column":null}},"line":164},"14":{"name":"getNextInscripcion","decl":{"start":{"line":171,"column":22},"end":{"line":171,"column":60}},"loc":{"start":{"line":171,"column":60},"end":{"line":173,"column":null}},"line":171},"15":{"name":"getMedidasByInscripcion","decl":{"start":{"line":179,"column":22},"end":{"line":179,"column":46}},"loc":{"start":{"line":179,"column":86},"end":{"line":184,"column":null}},"line":179},"16":{"name":"getUltimaMedida","decl":{"start":{"line":186,"column":22},"end":{"line":186,"column":38}},"loc":{"start":{"line":186,"column":83},"end":{"line":192,"column":null}},"line":186},"17":{"name":"createMedida","decl":{"start":{"line":194,"column":22},"end":{"line":194,"column":35}},"loc":{"start":{"line":194,"column":78},"end":{"line":205,"column":null}},"line":194},"18":{"name":"updateMedida","decl":{"start":{"line":207,"column":22},"end":{"line":207,"column":35}},"loc":{"start":{"line":207,"column":113},"end":{"line":213,"column":null}},"line":207},"19":{"name":"(anonymous_19)","decl":{"start":{"line":210,"column":26},"end":{"line":210,"column":27}},"loc":{"start":{"line":210,"column":36},"end":{"line":210,"column":54}},"line":210},"20":{"name":"(anonymous_20)","decl":{"start":{"line":211,"column":28},"end":{"line":211,"column":29}},"loc":{"start":{"line":211,"column":36},"end":{"line":211,"column":71}},"line":211},"21":{"name":"deleteMedida","decl":{"start":{"line":215,"column":22},"end":{"line":215,"column":35}},"loc":{"start":{"line":215,"column":62},"end":{"line":217,"column":null}},"line":215},"22":{"name":"getPagosByInscripcion","decl":{"start":{"line":223,"column":22},"end":{"line":223,"column":44}},"loc":{"start":{"line":223,"column":85},"end":{"line":231,"column":null}},"line":223},"23":{"name":"getClientesVencimientos","decl":{"start":{"line":237,"column":22},"end":{"line":237,"column":46}},"loc":{"start":{"line":237,"column":66},"end":{"line":275,"column":null}},"line":237},"24":{"name":"getClientesCumpleanos","decl":{"start":{"line":277,"column":22},"end":{"line":277,"column":46}},"loc":{"start":{"line":277,"column":46},"end":{"line":300,"column":null}},"line":277},"25":{"name":"getClientesSinActividad","decl":{"start":{"line":302,"column":22},"end":{"line":302,"column":46}},"loc":{"start":{"line":302,"column":69},"end":{"line":327,"column":null}},"line":302},"26":{"name":"inactivarClientesMasivo","decl":{"start":{"line":329,"column":22},"end":{"line":329,"column":46}},"loc":{"start":{"line":329,"column":80},"end":{"line":336,"column":null}},"line":329},"27":{"name":"(anonymous_27)","decl":{"start":{"line":331,"column":26},"end":{"line":331,"column":27}},"loc":{"start":{"line":331,"column":36},"end":{"line":334,"column":4}},"line":331}},"branchMap":{"0":{"loc":{"start":{"line":9,"column":34},"end":{"line":9,"column":95}},"type":"default-arg","locations":[{"start":{"line":9,"column":56},"end":{"line":9,"column":95}}],"line":9},"1":{"loc":{"start":{"line":11,"column":4},"end":{"line":11,"column":null}},"type":"default-arg","locations":[{"start":{"line":11,"column":11},"end":{"line":11,"column":null}}],"line":11},"2":{"loc":{"start":{"line":12,"column":4},"end":{"line":12,"column":null}},"type":"default-arg","locations":[{"start":{"line":12,"column":15},"end":{"line":12,"column":null}}],"line":12},"3":{"loc":{"start":{"line":13,"column":4},"end":{"line":13,"column":null}},"type":"default-arg","locations":[{"start":{"line":13,"column":13},"end":{"line":13,"column":null}}],"line":13},"4":{"loc":{"start":{"line":14,"column":4},"end":{"line":14,"column":null}},"type":"default-arg","locations":[{"start":{"line":14,"column":13},"end":{"line":14,"column":null}}],"line":14},"5":{"loc":{"start":{"line":15,"column":4},"end":{"line":15,"column":null}},"type":"default-arg","locations":[{"start":{"line":15,"column":14},"end":{"line":15,"column":null}}],"line":15},"6":{"loc":{"start":{"line":16,"column":4},"end":{"line":16,"column":null}},"type":"default-arg","locations":[{"start":{"line":16,"column":15},"end":{"line":16,"column":null}}],"line":16},"7":{"loc":{"start":{"line":23,"column":2},"end":{"line":26,"column":null}},"type":"if","locations":[{"start":{"line":23,"column":2},"end":{"line":26,"column":null}},{"start":{},"end":{}}],"line":23},"8":{"loc":{"start":{"line":28,"column":2},"end":{"line":31,"column":null}},"type":"if","locations":[{"start":{"line":28,"column":2},"end":{"line":31,"column":null}},{"start":{},"end":{}}],"line":28},"9":{"loc":{"start":{"line":33,"column":16},"end":{"line":33,"column":null}},"type":"cond-expr","locations":[{"start":{"line":33,"column":40},"end":{"line":33,"column":78}},{"start":{"line":33,"column":78},"end":{"line":33,"column":null}}],"line":33},"10":{"loc":{"start":{"line":35,"column":22},"end":{"line":35,"column":null}},"type":"cond-expr","locations":[{"start":{"line":35,"column":55},"end":{"line":35,"column":65}},{"start":{"line":35,"column":65},"end":{"line":35,"column":null}}],"line":35},"11":{"loc":{"start":{"line":36,"column":18},"end":{"line":36,"column":null}},"type":"cond-expr","locations":[{"start":{"line":36,"column":40},"end":{"line":36,"column":49}},{"start":{"line":36,"column":49},"end":{"line":36,"column":null}}],"line":36},"12":{"loc":{"start":{"line":42,"column":16},"end":{"line":42,"column":null}},"type":"binary-expr","locations":[{"start":{"line":42,"column":16},"end":{"line":42,"column":35}},{"start":{"line":42,"column":35},"end":{"line":42,"column":null}}],"line":42},"13":{"loc":{"start":{"line":69,"column":9},"end":{"line":69,"column":null}},"type":"binary-expr","locations":[{"start":{"line":69,"column":9},"end":{"line":69,"column":20}},{"start":{"line":69,"column":20},"end":{"line":69,"column":null}}],"line":69},"14":{"loc":{"start":{"line":77,"column":9},"end":{"line":77,"column":null}},"type":"binary-expr","locations":[{"start":{"line":77,"column":9},"end":{"line":77,"column":20}},{"start":{"line":77,"column":20},"end":{"line":77,"column":null}}],"line":77},"15":{"loc":{"start":{"line":86,"column":2},"end":{"line":86,"column":null}},"type":"if","locations":[{"start":{"line":86,"column":2},"end":{"line":86,"column":null}},{"start":{},"end":{}}],"line":86},"16":{"loc":{"start":{"line":102,"column":2},"end":{"line":107,"column":null}},"type":"if","locations":[{"start":{"line":102,"column":2},"end":{"line":107,"column":null}},{"start":{},"end":{}}],"line":102},"17":{"loc":{"start":{"line":141,"column":2},"end":{"line":141,"column":null}},"type":"if","locations":[{"start":{"line":141,"column":2},"end":{"line":141,"column":null}},{"start":{},"end":{}}],"line":141},"18":{"loc":{"start":{"line":168,"column":9},"end":{"line":168,"column":null}},"type":"binary-expr","locations":[{"start":{"line":168,"column":9},"end":{"line":168,"column":23}},{"start":{"line":168,"column":23},"end":{"line":168,"column":null}}],"line":168},"19":{"loc":{"start":{"line":191,"column":9},"end":{"line":191,"column":null}},"type":"binary-expr","locations":[{"start":{"line":191,"column":9},"end":{"line":191,"column":20}},{"start":{"line":191,"column":20},"end":{"line":191,"column":null}}],"line":191},"20":{"loc":{"start":{"line":209,"column":2},"end":{"line":209,"column":null}},"type":"if","locations":[{"start":{"line":209,"column":2},"end":{"line":209,"column":null}},{"start":{},"end":{}}],"line":209},"21":{"loc":{"start":{"line":330,"column":2},"end":{"line":330,"column":null}},"type":"if","locations":[{"start":{"line":330,"column":2},"end":{"line":330,"column":null}},{"start":{},"end":{}}],"line":330}},"s":{"0":5,"1":5,"2":5,"3":5,"4":5,"5":1,"6":1,"7":5,"8":1,"9":1,"10":5,"11":5,"12":5,"13":5,"14":5,"15":5,"16":5,"17":5,"18":3,"19":5,"20":2,"21":2,"22":2,"23":2,"24":0,"25":0,"26":0,"27":0,"28":0,"29":0,"30":0,"31":0,"32":0,"33":0,"34":0,"35":0,"36":1,"37":1,"38":3,"39":7,"40":3,"41":1,"42":2,"43":3,"44":2,"45":3,"46":2,"47":0,"48":1,"49":1,"50":2,"51":2,"52":0,"53":1,"54":0,"55":0,"56":1,"57":1,"58":0,"59":0,"60":0,"61":0,"62":0,"63":0,"64":0,"65":0,"66":0,"67":1,"68":0,"69":0,"70":0,"71":0,"72":0,"73":0,"74":0,"75":0,"76":0,"77":0,"78":0,"79":0,"80":0,"81":0},"f":{"0":5,"1":3,"2":2,"3":2,"4":0,"5":1,"6":3,"7":7,"8":3,"9":3,"10":0,"11":1,"12":1,"13":2,"14":0,"15":1,"16":0,"17":1,"18":0,"19":0,"20":0,"21":0,"22":1,"23":0,"24":0,"25":0,"26":0,"27":0},"b":{"0":[5],"1":[5],"2":[5],"3":[5],"4":[5],"5":[5],"6":[5],"7":[1,4],"8":[1,4],"9":[2,3],"10":[4,1],"11":[0,5],"12":[5,0],"13":[2,1],"14":[2,1],"15":[0,0],"16":[0,0],"17":[1,2],"18":[2,1],"19":[0,0],"20":[0,0],"21":[0,0]},"meta":{"lastBranch":22,"lastFunction":28,"lastStatement":82,"seen":{"f:9:22:9:34":0,"b:9:56:9:95":0,"s:17:6:17:Infinity":0,"b:11:11:11:Infinity":1,"b:12:15:12:Infinity":2,"b:13:13:13:Infinity":3,"b:14:13:14:Infinity":4,"b:15:14:15:Infinity":5,"b:16:15:16:Infinity":6,"s:19:8:19:Infinity":1,"s:20:31:20:Infinity":2,"s:21:26:21:Infinity":3,"b:23:2:26:Infinity:undefined:undefined:undefined:undefined":7,"s:23:2:26:Infinity":4,"s:24:4:24:Infinity":5,"s:25:4:25:Infinity":6,"b:28:2:31:Infinity:undefined:undefined:undefined:undefined":8,"s:28:2:31:Infinity":7,"s:29:4:29:Infinity":8,"s:30:4:30:Infinity":9,"s:33:16:33:Infinity":10,"b:33:40:33:78:33:78:33:Infinity":9,"s:34:23:34:Infinity":11,"s:35:22:35:Infinity":12,"b:35:55:35:65:35:65:35:Infinity":10,"s:36:18:36:Infinity":13,"b:36:40:36:49:36:49:36:Infinity":11,"s:38:20:41:Infinity":14,"s:42:16:42:Infinity":15,"b:42:16:42:35:42:35:42:Infinity":12,"s:44:15:47:Infinity":16,"s:50:19:53:Infinity":17,"f:50:28:50:29":1,"s:50:36:53:4":18,"s:55:2:61:Infinity":19,"f:64:22:64:41":2,"s:65:15:68:Infinity":20,"s:69:2:69:Infinity":21,"b:69:9:69:20:69:20:69:Infinity":13,"f:72:22:72:46":3,"s:73:15:76:Infinity":22,"s:77:2:77:Infinity":23,"b:77:9:77:20:77:20:77:Infinity":14,"f:84:22:84:47":4,"s:85:18:85:Infinity":24,"b:86:2:86:Infinity:undefined:undefined:undefined:undefined":15,"s:86:2:86:Infinity":25,"s:86:16:86:Infinity":26,"s:88:16:97:Infinity":27,"s:99:43:99:Infinity":28,"s:100:41:100:Infinity":29,"b:102:2:107:Infinity:undefined:undefined:undefined:undefined":16,"s:102:2:107:Infinity":30,"s:103:19:103:Infinity":31,"s:104:10:104:Infinity":32,"s:105:4:105:Infinity":33,"s:106:4:106:Infinity":34,"s:109:2:114:Infinity":35,"f:117:22:117:Infinity":5,"s:120:17:131:Infinity":36,"s:132:2:132:Infinity":37,"f:135:22:135:Infinity":6,"s:139:17:140:Infinity":38,"f:140:12:140:13":7,"s:140:19:140:103":39,"b:141:2:141:Infinity:undefined:undefined:undefined:undefined":17,"s:141:2:141:Infinity":40,"s:141:27:141:Infinity":41,"s:143:15:143:Infinity":42,"f:143:26:143:27":8,"s:143:36:143:54":43,"s:144:17:144:Infinity":44,"f:144:28:144:29":9,"s:144:36:144:71":45,"s:146:2:149:Infinity":46,"f:152:22:152:36":10,"s:153:2:153:Infinity":47,"f:156:22:156:39":11,"s:157:2:157:Infinity":48,"f:160:22:160:37":12,"s:161:2:161:Infinity":49,"f:164:22:164:62":13,"s:165:15:167:Infinity":50,"s:168:2:168:Infinity":51,"b:168:9:168:23:168:23:168:Infinity":18,"f:171:22:171:60":14,"s:172:2:172:Infinity":52,"f:179:22:179:46":15,"s:180:2:183:Infinity":53,"f:186:22:186:38":16,"s:187:15:190:Infinity":54,"s:191:2:191:Infinity":55,"b:191:9:191:20:191:20:191:Infinity":19,"f:194:22:194:35":17,"s:195:17:203:Infinity":56,"s:204:2:204:Infinity":57,"f:207:22:207:35":18,"s:208:17:208:Infinity":58,"b:209:2:209:Infinity:undefined:undefined:undefined:undefined":20,"s:209:2:209:Infinity":59,"s:209:27:209:Infinity":60,"s:210:15:210:Infinity":61,"f:210:26:210:27":19,"s:210:36:210:54":62,"s:211:17:211:Infinity":63,"f:211:28:211:29":20,"s:211:36:211:71":64,"s:212:2:212:Infinity":65,"f:215:22:215:35":21,"s:216:2:216:Infinity":66,"f:223:22:223:44":22,"s:224:2:230:Infinity":67,"f:237:22:237:46":23,"s:238:8:238:Infinity":68,"s:239:8:239:Infinity":69,"s:241:2:274:Infinity":70,"f:277:22:277:46":24,"s:278:8:278:Infinity":71,"s:279:14:279:Infinity":72,"s:280:14:280:Infinity":73,"s:282:2:299:Infinity":74,"f:302:22:302:46":25,"s:303:8:303:Infinity":75,"s:305:2:326:Infinity":76,"f:329:22:329:46":26,"b:330:2:330:Infinity:undefined:undefined:undefined:undefined":21,"s:330:2:330:Infinity":77,"s:330:28:330:Infinity":78,"s:331:14:334:Infinity":79,"f:331:26:331:27":27,"s:331:36:334:4":80,"s:335:2:335:Infinity":81},"fnNames":{}}}
,"/Users/yeiconcr/Desktop/Proyectos Desarrollo/Sagim/sagim-app/src/db/queries/configuracion.ts": {"path":"/Users/yeiconcr/Desktop/Proyectos Desarrollo/Sagim/sagim-app/src/db/queries/configuracion.ts","statementMap":{"0":{"start":{"line":10,"column":15},"end":{"line":10,"column":null}},"1":{"start":{"line":11,"column":2},"end":{"line":11,"column":null}},"2":{"start":{"line":17,"column":2},"end":{"line":48,"column":null}},"3":{"start":{"line":56,"column":2},"end":{"line":58,"column":null}},"4":{"start":{"line":62,"column":15},"end":{"line":65,"column":null}},"5":{"start":{"line":66,"column":2},"end":{"line":66,"column":null}},"6":{"start":{"line":75,"column":15},"end":{"line":75,"column":null}},"7":{"start":{"line":76,"column":12},"end":{"line":79,"column":null}},"8":{"start":{"line":80,"column":2},"end":{"line":80,"column":null}},"9":{"start":{"line":87,"column":17},"end":{"line":87,"column":null}},"10":{"start":{"line":88,"column":2},"end":{"line":88,"column":null}},"11":{"start":{"line":88,"column":27},"end":{"line":88,"column":null}},"12":{"start":{"line":89,"column":15},"end":{"line":89,"column":null}},"13":{"start":{"line":89,"column":36},"end":{"line":89,"column":54}},"14":{"start":{"line":90,"column":17},"end":{"line":90,"column":null}},"15":{"start":{"line":90,"column":36},"end":{"line":90,"column":71}},"16":{"start":{"line":91,"column":2},"end":{"line":91,"column":null}},"17":{"start":{"line":95,"column":15},"end":{"line":95,"column":null}},"18":{"start":{"line":96,"column":2},"end":{"line":96,"column":null}},"19":{"start":{"line":100,"column":2},"end":{"line":100,"column":null}}},"fnMap":{"0":{"name":"getParametros","decl":{"start":{"line":9,"column":22},"end":{"line":9,"column":66}},"loc":{"start":{"line":9,"column":66},"end":{"line":12,"column":null}},"line":9},"1":{"name":"updateParametros","decl":{"start":{"line":14,"column":22},"end":{"line":14,"column":null}},"loc":{"start":{"line":16,"column":17},"end":{"line":49,"column":null}},"line":16},"2":{"name":"getUsuarios","decl":{"start":{"line":55,"column":22},"end":{"line":55,"column":79}},"loc":{"start":{"line":55,"column":79},"end":{"line":59,"column":null}},"line":55},"3":{"name":"getUsuarioByNombre","decl":{"start":{"line":61,"column":22},"end":{"line":61,"column":41}},"loc":{"start":{"line":61,"column":82},"end":{"line":67,"column":null}},"line":61},"4":{"name":"createUsuario","decl":{"start":{"line":69,"column":22},"end":{"line":69,"column":null}},"loc":{"start":{"line":74,"column":19},"end":{"line":81,"column":null}},"line":74},"5":{"name":"updateUsuario","decl":{"start":{"line":83,"column":22},"end":{"line":83,"column":null}},"loc":{"start":{"line":86,"column":17},"end":{"line":92,"column":null}},"line":86},"6":{"name":"(anonymous_6)","decl":{"start":{"line":89,"column":26},"end":{"line":89,"column":27}},"loc":{"start":{"line":89,"column":36},"end":{"line":89,"column":54}},"line":89},"7":{"name":"(anonymous_7)","decl":{"start":{"line":90,"column":28},"end":{"line":90,"column":29}},"loc":{"start":{"line":90,"column":36},"end":{"line":90,"column":71}},"line":90},"8":{"name":"cambiarPassword","decl":{"start":{"line":94,"column":22},"end":{"line":94,"column":38}},"loc":{"start":{"line":94,"column":88},"end":{"line":97,"column":null}},"line":94},"9":{"name":"toggleUsuarioEstado","decl":{"start":{"line":99,"column":22},"end":{"line":99,"column":42}},"loc":{"start":{"line":99,"column":88},"end":{"line":101,"column":null}},"line":99}},"branchMap":{"0":{"loc":{"start":{"line":11,"column":9},"end":{"line":11,"column":null}},"type":"binary-expr","locations":[{"start":{"line":11,"column":9},"end":{"line":11,"column":20}},{"start":{"line":11,"column":20},"end":{"line":11,"column":null}}],"line":11},"1":{"loc":{"start":{"line":66,"column":9},"end":{"line":66,"column":null}},"type":"binary-expr","locations":[{"start":{"line":66,"column":9},"end":{"line":66,"column":20}},{"start":{"line":66,"column":20},"end":{"line":66,"column":null}}],"line":66},"2":{"loc":{"start":{"line":88,"column":2},"end":{"line":88,"column":null}},"type":"if","locations":[{"start":{"line":88,"column":2},"end":{"line":88,"column":null}},{"start":{},"end":{}}],"line":88}},"s":{"0":2,"1":2,"2":1,"3":1,"4":2,"5":2,"6":1,"7":1,"8":1,"9":2,"10":2,"11":1,"12":1,"13":2,"14":1,"15":2,"16":1,"17":1,"18":1,"19":2},"f":{"0":2,"1":1,"2":1,"3":2,"4":1,"5":2,"6":2,"7":2,"8":1,"9":2},"b":{"0":[2,1],"1":[2,1],"2":[1,1]},"meta":{"lastBranch":3,"lastFunction":10,"lastStatement":20,"seen":{"f:9:22:9:66":0,"s:10:15:10:Infinity":0,"s:11:2:11:Infinity":1,"b:11:9:11:20:11:20:11:Infinity":0,"f:14:22:14:Infinity":1,"s:17:2:48:Infinity":2,"f:55:22:55:79":2,"s:56:2:58:Infinity":3,"f:61:22:61:41":3,"s:62:15:65:Infinity":4,"s:66:2:66:Infinity":5,"b:66:9:66:20:66:20:66:Infinity":1,"f:69:22:69:Infinity":4,"s:75:15:75:Infinity":6,"s:76:12:79:Infinity":7,"s:80:2:80:Infinity":8,"f:83:22:83:Infinity":5,"s:87:17:87:Infinity":9,"b:88:2:88:Infinity:undefined:undefined:undefined:undefined":2,"s:88:2:88:Infinity":10,"s:88:27:88:Infinity":11,"s:89:15:89:Infinity":12,"f:89:26:89:27":6,"s:89:36:89:54":13,"s:90:17:90:Infinity":14,"f:90:28:90:29":7,"s:90:36:90:71":15,"s:91:2:91:Infinity":16,"f:94:22:94:38":8,"s:95:15:95:Infinity":17,"s:96:2:96:Infinity":18,"f:99:22:99:42":9,"s:100:2:100:Infinity":19},"fnNames":{}}}
,"/Users/yeiconcr/Desktop/Proyectos Desarrollo/Sagim/sagim-app/src/lib/photos.ts": {"path":"/Users/yeiconcr/Desktop/Proyectos Desarrollo/Sagim/sagim-app/src/lib/photos.ts","statementMap":{"0":{"start":{"line":11,"column":2},"end":{"line":50,"column":null}},"1":{"start":{"line":13,"column":20},"end":{"line":13,"column":null}},"2":{"start":{"line":15,"column":21},"end":{"line":15,"column":null}},"3":{"start":{"line":16,"column":21},"end":{"line":16,"column":null}},"4":{"start":{"line":18,"column":4},"end":{"line":18,"column":null}},"5":{"start":{"line":19,"column":4},"end":{"line":19,"column":null}},"6":{"start":{"line":22,"column":22},"end":{"line":22,"column":null}},"7":{"start":{"line":23,"column":4},"end":{"line":25,"column":null}},"8":{"start":{"line":24,"column":6},"end":{"line":24,"column":null}},"9":{"start":{"line":28,"column":26},"end":{"line":28,"column":null}},"10":{"start":{"line":31,"column":25},"end":{"line":31,"column":null}},"11":{"start":{"line":32,"column":18},"end":{"line":32,"column":null}},"12":{"start":{"line":33,"column":4},"end":{"line":35,"column":null}},"13":{"start":{"line":33,"column":17},"end":{"line":33,"column":20}},"14":{"start":{"line":34,"column":6},"end":{"line":34,"column":null}},"15":{"start":{"line":38,"column":22},"end":{"line":38,"column":null}},"16":{"start":{"line":39,"column":21},"end":{"line":39,"column":null}},"17":{"start":{"line":40,"column":21},"end":{"line":40,"column":null}},"18":{"start":{"line":43,"column":4},"end":{"line":43,"column":null}},"19":{"start":{"line":45,"column":4},"end":{"line":45,"column":null}},"20":{"start":{"line":46,"column":4},"end":{"line":46,"column":null}},"21":{"start":{"line":48,"column":4},"end":{"line":48,"column":null}},"22":{"start":{"line":49,"column":4},"end":{"line":49,"column":null}},"23":{"start":{"line":59,"column":2},"end":{"line":59,"column":null}},"24":{"start":{"line":59,"column":17},"end":{"line":59,"column":null}},"25":{"start":{"line":61,"column":2},"end":{"line":82,"column":null}},"26":{"start":{"line":62,"column":20},"end":{"line":62,"column":null}},"27":{"start":{"line":63,"column":21},"end":{"line":63,"column":null}},"28":{"start":{"line":64,"column":21},"end":{"line":64,"column":null}},"29":{"start":{"line":65,"column":23},"end":{"line":65,"column":null}},"30":{"start":{"line":67,"column":4},"end":{"line":67,"column":null}},"31":{"start":{"line":69,"column":4},"end":{"line":76,"column":null}},"32":{"start":{"line":71,"column":20},"end":{"line":71,"column":null}},"33":{"start":{"line":72,"column":21},"end":{"line":72,"column":null}},"34":{"start":{"line":73,"column":22},"end":{"line":73,"column":null}},"35":{"start":{"line":74,"column":6},"end":{"line":74,"column":null}},"36":{"start":{"line":75,"column":6},"end":{"line":75,"column":null}},"37":{"start":{"line":77,"column":4},"end":{"line":77,"column":null}},"38":{"start":{"line":78,"column":4},"end":{"line":78,"column":null}},"39":{"start":{"line":80,"column":4},"end":{"line":80,"column":null}},"40":{"start":{"line":81,"column":4},"end":{"line":81,"column":null}}},"fnMap":{"0":{"name":"guardarFotoCliente","decl":{"start":{"line":10,"column":22},"end":{"line":10,"column":41}},"loc":{"start":{"line":10,"column":99},"end":{"line":51,"column":null}},"line":10},"1":{"name":"obtenerUrlFoto","decl":{"start":{"line":58,"column":22},"end":{"line":58,"column":37}},"loc":{"start":{"line":58,"column":86},"end":{"line":83,"column":null}},"line":58}},"branchMap":{"0":{"loc":{"start":{"line":15,"column":21},"end":{"line":15,"column":null}},"type":"cond-expr","locations":[{"start":{"line":15,"column":45},"end":{"line":15,"column":55}},{"start":{"line":15,"column":55},"end":{"line":15,"column":null}}],"line":15},"1":{"loc":{"start":{"line":23,"column":4},"end":{"line":25,"column":null}},"type":"if","locations":[{"start":{"line":23,"column":4},"end":{"line":25,"column":null}},{"start":{},"end":{}}],"line":23},"2":{"loc":{"start":{"line":59,"column":2},"end":{"line":59,"column":null}},"type":"if","locations":[{"start":{"line":59,"column":2},"end":{"line":59,"column":null}},{"start":{},"end":{}}],"line":59},"3":{"loc":{"start":{"line":63,"column":21},"end":{"line":63,"column":null}},"type":"cond-expr","locations":[{"start":{"line":63,"column":45},"end":{"line":63,"column":55}},{"start":{"line":63,"column":55},"end":{"line":63,"column":null}}],"line":63},"4":{"loc":{"start":{"line":69,"column":4},"end":{"line":76,"column":null}},"type":"if","locations":[{"start":{"line":69,"column":4},"end":{"line":76,"column":null}},{"start":{},"end":{}}],"line":69}},"s":{"0":7,"1":7,"2":7,"3":7,"4":7,"5":7,"6":7,"7":7,"8":6,"9":7,"10":7,"11":7,"12":7,"13":7,"14":50,"15":7,"16":7,"17":7,"18":7,"19":7,"20":7,"21":0,"22":0,"23":6,"24":2,"25":4,"26":4,"27":4,"28":6,"29":6,"30":3,"31":3,"32":1,"33":1,"34":1,"35":1,"36":1,"37":2,"38":2,"39":1,"40":1},"f":{"0":7,"1":6},"b":{"0":[7,0],"1":[6,1],"2":[2,4],"3":[4,0],"4":[1,2]},"meta":{"lastBranch":5,"lastFunction":2,"lastStatement":41,"seen":{"f:10:22:10:41":0,"s:11:2:50:Infinity":0,"s:13:20:13:Infinity":1,"s:15:21:15:Infinity":2,"b:15:45:15:55:15:55:15:Infinity":0,"s:16:21:16:Infinity":3,"s:18:4:18:Infinity":4,"s:19:4:19:Infinity":5,"s:22:22:22:Infinity":6,"b:23:4:25:Infinity:undefined:undefined:undefined:undefined":1,"s:23:4:25:Infinity":7,"s:24:6:24:Infinity":8,"s:28:26:28:Infinity":9,"s:31:25:31:Infinity":10,"s:32:18:32:Infinity":11,"s:33:4:35:Infinity":12,"s:33:17:33:20":13,"s:34:6:34:Infinity":14,"s:38:22:38:Infinity":15,"s:39:21:39:Infinity":16,"s:40:21:40:Infinity":17,"s:43:4:43:Infinity":18,"s:45:4:45:Infinity":19,"s:46:4:46:Infinity":20,"s:48:4:48:Infinity":21,"s:49:4:49:Infinity":22,"f:58:22:58:37":1,"b:59:2:59:Infinity:undefined:undefined:undefined:undefined":2,"s:59:2:59:Infinity":23,"s:59:17:59:Infinity":24,"s:61:2:82:Infinity":25,"s:62:20:62:Infinity":26,"s:63:21:63:Infinity":27,"b:63:45:63:55:63:55:63:Infinity":3,"s:64:21:64:Infinity":28,"s:65:23:65:Infinity":29,"s:67:4:67:Infinity":30,"b:69:4:76:Infinity:undefined:undefined:undefined:undefined":4,"s:69:4:76:Infinity":31,"s:71:20:71:Infinity":32,"s:72:21:72:Infinity":33,"s:73:22:73:Infinity":34,"s:74:6:74:Infinity":35,"s:75:6:75:Infinity":36,"s:77:4:77:Infinity":37,"s:78:4:78:Infinity":38,"s:80:4:80:Infinity":39,"s:81:4:81:Infinity":40},"fnNames":{}}}
,"/Users/yeiconcr/Desktop/Proyectos Desarrollo/Sagim/sagim-app/src/lib/utils.ts": {"path":"/Users/yeiconcr/Desktop/Proyectos Desarrollo/Sagim/sagim-app/src/lib/utils.ts","statementMap":{"0":{"start":{"line":5,"column":2},"end":{"line":5,"column":null}},"1":{"start":{"line":10,"column":2},"end":{"line":10,"column":null}},"2":{"start":{"line":11,"column":2},"end":{"line":13,"column":null}},"3":{"start":{"line":12,"column":4},"end":{"line":12,"column":null}},"4":{"start":{"line":12,"column":33},"end":{"line":12,"column":38}},"5":{"start":{"line":14,"column":12},"end":{"line":14,"column":null}},"6":{"start":{"line":15,"column":12},"end":{"line":15,"column":null}},"7":{"start":{"line":16,"column":12},"end":{"line":16,"column":null}},"8":{"start":{"line":18,"column":14},"end":{"line":18,"column":null}},"9":{"start":{"line":19,"column":14},"end":{"line":19,"column":null}},"10":{"start":{"line":20,"column":10},"end":{"line":20,"column":13}},"11":{"start":{"line":20,"column":17},"end":{"line":20,"column":null}},"12":{"start":{"line":21,"column":8},"end":{"line":21,"column":null}},"13":{"start":{"line":23,"column":2},"end":{"line":32,"column":null}},"14":{"start":{"line":24,"column":14},"end":{"line":24,"column":null}},"15":{"start":{"line":25,"column":4},"end":{"line":25,"column":null}},"16":{"start":{"line":26,"column":4},"end":{"line":30,"column":null}},"17":{"start":{"line":27,"column":14},"end":{"line":27,"column":49}},"18":{"start":{"line":27,"column":49},"end":{"line":27,"column":null}},"19":{"start":{"line":28,"column":14},"end":{"line":28,"column":35}},"20":{"start":{"line":28,"column":35},"end":{"line":28,"column":null}},"21":{"start":{"line":29,"column":14},"end":{"line":29,"column":35}},"22":{"start":{"line":29,"column":35},"end":{"line":29,"column":null}},"23":{"start":{"line":31,"column":4},"end":{"line":31,"column":null}},"24":{"start":{"line":34,"column":2},"end":{"line":34,"column":null}},"25":{"start":{"line":38,"column":2},"end":{"line":43,"column":null}},"26":{"start":{"line":47,"column":2},"end":{"line":47,"column":null}},"27":{"start":{"line":47,"column":13},"end":{"line":47,"column":null}},"28":{"start":{"line":48,"column":12},"end":{"line":48,"column":null}},"29":{"start":{"line":49,"column":2},"end":{"line":53,"column":null}},"30":{"start":{"line":57,"column":2},"end":{"line":57,"column":null}},"31":{"start":{"line":57,"column":13},"end":{"line":57,"column":null}},"32":{"start":{"line":58,"column":12},"end":{"line":58,"column":null}},"33":{"start":{"line":59,"column":2},"end":{"line":65,"column":null}},"34":{"start":{"line":69,"column":2},"end":{"line":69,"column":null}},"35":{"start":{"line":73,"column":12},"end":{"line":73,"column":null}},"36":{"start":{"line":74,"column":2},"end":{"line":74,"column":null}},"37":{"start":{"line":75,"column":2},"end":{"line":75,"column":null}},"38":{"start":{"line":79,"column":12},"end":{"line":79,"column":null}},"39":{"start":{"line":80,"column":12},"end":{"line":80,"column":null}},"40":{"start":{"line":81,"column":15},"end":{"line":81,"column":null}},"41":{"start":{"line":82,"column":2},"end":{"line":82,"column":null}},"42":{"start":{"line":86,"column":2},"end":{"line":86,"column":null}},"43":{"start":{"line":90,"column":2},"end":{"line":90,"column":null}},"44":{"start":{"line":90,"column":12},"end":{"line":90,"column":null}},"45":{"start":{"line":91,"column":2},"end":{"line":91,"column":null}},"46":{"start":{"line":91,"column":31},"end":{"line":91,"column":null}},"47":{"start":{"line":92,"column":2},"end":{"line":92,"column":null}},"48":{"start":{"line":92,"column":30},"end":{"line":92,"column":null}},"49":{"start":{"line":94,"column":2},"end":{"line":101,"column":null}},"50":{"start":{"line":110,"column":20},"end":{"line":110,"column":null}},"51":{"start":{"line":111,"column":19},"end":{"line":111,"column":null}},"52":{"start":{"line":112,"column":2},"end":{"line":112,"column":null}},"53":{"start":{"line":114,"column":22},"end":{"line":114,"column":null}},"54":{"start":{"line":117,"column":18},"end":{"line":117,"column":null}},"55":{"start":{"line":119,"column":2},"end":{"line":139,"column":null}},"56":{"start":{"line":120,"column":21},"end":{"line":120,"column":null}},"57":{"start":{"line":121,"column":26},"end":{"line":121,"column":null}},"58":{"start":{"line":123,"column":21},"end":{"line":123,"column":null}},"59":{"start":{"line":124,"column":4},"end":{"line":127,"column":null}},"60":{"start":{"line":125,"column":6},"end":{"line":125,"column":null}},"61":{"start":{"line":126,"column":6},"end":{"line":126,"column":null}},"62":{"start":{"line":129,"column":17},"end":{"line":129,"column":null}},"63":{"start":{"line":130,"column":17},"end":{"line":130,"column":null}},"64":{"start":{"line":131,"column":16},"end":{"line":131,"column":null}},"65":{"start":{"line":132,"column":4},"end":{"line":132,"column":null}},"66":{"start":{"line":133,"column":4},"end":{"line":133,"column":null}},"67":{"start":{"line":134,"column":4},"end":{"line":134,"column":null}},"68":{"start":{"line":135,"column":4},"end":{"line":135,"column":null}},"69":{"start":{"line":136,"column":4},"end":{"line":136,"column":null}},"70":{"start":{"line":137,"column":4},"end":{"line":137,"column":null}},"71":{"start":{"line":138,"column":4},"end":{"line":138,"column":null}},"72":{"start":{"line":140,"column":2},"end":{"line":140,"column":null}}},"fnMap":{"0":{"name":"cn","decl":{"start":{"line":4,"column":16},"end":{"line":4,"column":22}},"loc":{"start":{"line":4,"column":44},"end":{"line":6,"column":null}},"line":4},"1":{"name":"hexToHsl","decl":{"start":{"line":8,"column":16},"end":{"line":8,"column":25}},"loc":{"start":{"line":8,"column":46},"end":{"line":35,"column":null}},"line":8},"2":{"name":"(anonymous_2)","decl":{"start":{"line":12,"column":28},"end":{"line":12,"column":33}},"loc":{"start":{"line":12,"column":33},"end":{"line":12,"column":38}},"line":12},"3":{"name":"formatCurrency","decl":{"start":{"line":37,"column":16},"end":{"line":37,"column":31}},"loc":{"start":{"line":37,"column":54},"end":{"line":44,"column":null}},"line":37},"4":{"name":"formatDate","decl":{"start":{"line":46,"column":16},"end":{"line":46,"column":27}},"loc":{"start":{"line":46,"column":63},"end":{"line":54,"column":null}},"line":46},"5":{"name":"formatDateTime","decl":{"start":{"line":56,"column":16},"end":{"line":56,"column":31}},"loc":{"start":{"line":56,"column":67},"end":{"line":66,"column":null}},"line":56},"6":{"name":"toISODate","decl":{"start":{"line":68,"column":16},"end":{"line":68,"column":26}},"loc":{"start":{"line":68,"column":46},"end":{"line":70,"column":null}},"line":68},"7":{"name":"addDays","decl":{"start":{"line":72,"column":16},"end":{"line":72,"column":24}},"loc":{"start":{"line":72,"column":65},"end":{"line":76,"column":null}},"line":72},"8":{"name":"daysBetween","decl":{"start":{"line":78,"column":16},"end":{"line":78,"column":28}},"loc":{"start":{"line":78,"column":76},"end":{"line":83,"column":null}},"line":78},"9":{"name":"today","decl":{"start":{"line":85,"column":16},"end":{"line":85,"column":32}},"loc":{"start":{"line":85,"column":32},"end":{"line":87,"column":null}},"line":85},"10":{"name":"stripRtf","decl":{"start":{"line":89,"column":16},"end":{"line":89,"column":25}},"loc":{"start":{"line":89,"column":65},"end":{"line":102,"column":null}},"line":89},"11":{"name":"exportToExcel","decl":{"start":{"line":109,"column":22},"end":{"line":109,"column":36}},"loc":{"start":{"line":109,"column":149},"end":{"line":141,"column":null}},"line":109}},"branchMap":{"0":{"loc":{"start":{"line":11,"column":2},"end":{"line":13,"column":null}},"type":"if","locations":[{"start":{"line":11,"column":2},"end":{"line":13,"column":null}},{"start":{},"end":{}}],"line":11},"1":{"loc":{"start":{"line":23,"column":2},"end":{"line":32,"column":null}},"type":"if","locations":[{"start":{"line":23,"column":2},"end":{"line":32,"column":null}},{"start":{},"end":{}}],"line":23},"2":{"loc":{"start":{"line":25,"column":8},"end":{"line":25,"column":null}},"type":"cond-expr","locations":[{"start":{"line":25,"column":18},"end":{"line":25,"column":40}},{"start":{"line":25,"column":40},"end":{"line":25,"column":null}}],"line":25},"3":{"loc":{"start":{"line":26,"column":4},"end":{"line":30,"column":null}},"type":"switch","locations":[{"start":{"line":27,"column":6},"end":{"line":27,"column":null}},{"start":{"line":28,"column":6},"end":{"line":28,"column":null}},{"start":{"line":29,"column":6},"end":{"line":29,"column":null}}],"line":26},"4":{"loc":{"start":{"line":27,"column":33},"end":{"line":27,"column":49}},"type":"cond-expr","locations":[{"start":{"line":27,"column":41},"end":{"line":27,"column":45}},{"start":{"line":27,"column":45},"end":{"line":27,"column":49}}],"line":27},"5":{"loc":{"start":{"line":47,"column":2},"end":{"line":47,"column":null}},"type":"if","locations":[{"start":{"line":47,"column":2},"end":{"line":47,"column":null}},{"start":{},"end":{}}],"line":47},"6":{"loc":{"start":{"line":48,"column":12},"end":{"line":48,"column":null}},"type":"cond-expr","locations":[{"start":{"line":48,"column":39},"end":{"line":48,"column":56}},{"start":{"line":48,"column":56},"end":{"line":48,"column":null}}],"line":48},"7":{"loc":{"start":{"line":57,"column":2},"end":{"line":57,"column":null}},"type":"if","locations":[{"start":{"line":57,"column":2},"end":{"line":57,"column":null}},{"start":{},"end":{}}],"line":57},"8":{"loc":{"start":{"line":58,"column":12},"end":{"line":58,"column":null}},"type":"cond-expr","locations":[{"start":{"line":58,"column":39},"end":{"line":58,"column":56}},{"start":{"line":58,"column":56},"end":{"line":58,"column":null}}],"line":58},"9":{"loc":{"start":{"line":73,"column":12},"end":{"line":73,"column":null}},"type":"cond-expr","locations":[{"start":{"line":73,"column":39},"end":{"line":73,"column":56}},{"start":{"line":73,"column":56},"end":{"line":73,"column":null}}],"line":73},"10":{"loc":{"start":{"line":79,"column":12},"end":{"line":79,"column":null}},"type":"cond-expr","locations":[{"start":{"line":79,"column":39},"end":{"line":79,"column":56}},{"start":{"line":79,"column":56},"end":{"line":79,"column":null}}],"line":79},"11":{"loc":{"start":{"line":80,"column":12},"end":{"line":80,"column":null}},"type":"cond-expr","locations":[{"start":{"line":80,"column":37},"end":{"line":80,"column":52}},{"start":{"line":80,"column":52},"end":{"line":80,"column":null}}],"line":80},"12":{"loc":{"start":{"line":90,"column":2},"end":{"line":90,"column":null}},"type":"if","locations":[{"start":{"line":90,"column":2},"end":{"line":90,"column":null}},{"start":{},"end":{}}],"line":90},"13":{"loc":{"start":{"line":91,"column":2},"end":{"line":91,"column":null}},"type":"if","locations":[{"start":{"line":91,"column":2},"end":{"line":91,"column":null}},{"start":{},"end":{}}],"line":91},"14":{"loc":{"start":{"line":92,"column":2},"end":{"line":92,"column":null}},"type":"if","locations":[{"start":{"line":92,"column":2},"end":{"line":92,"column":null}},{"start":{},"end":{}}],"line":92},"15":{"loc":{"start":{"line":117,"column":18},"end":{"line":117,"column":null}},"type":"binary-expr","locations":[{"start":{"line":117,"column":18},"end":{"line":117,"column":51}},{"start":{"line":117,"column":51},"end":{"line":117,"column":null}}],"line":117},"16":{"loc":{"start":{"line":119,"column":2},"end":{"line":139,"column":null}},"type":"if","locations":[{"start":{"line":119,"column":2},"end":{"line":139,"column":null}},{"start":{"line":128,"column":9},"end":{"line":139,"column":null}}],"line":119},"17":{"loc":{"start":{"line":124,"column":4},"end":{"line":127,"column":null}},"type":"if","locations":[{"start":{"line":124,"column":4},"end":{"line":127,"column":null}},{"start":{},"end":{}}],"line":124}},"s":{"0":80,"1":8,"2":8,"3":2,"4":6,"5":8,"6":8,"7":8,"8":8,"9":8,"10":8,"11":8,"12":8,"13":8,"14":5,"15":5,"16":5,"17":3,"18":3,"19":1,"20":1,"21":1,"22":1,"23":5,"24":8,"25":4,"26":4,"27":2,"28":2,"29":4,"30":3,"31":1,"32":2,"33":3,"34":4,"35":4,"36":4,"37":4,"38":4,"39":4,"40":4,"41":4,"42":2,"43":7,"44":2,"45":5,"46":0,"47":5,"48":1,"49":4,"50":0,"51":0,"52":0,"53":0,"54":0,"55":0,"56":0,"57":0,"58":0,"59":0,"60":0,"61":0,"62":0,"63":0,"64":0,"65":0,"66":0,"67":0,"68":0,"69":0,"70":0,"71":0,"72":0},"f":{"0":80,"1":8,"2":6,"3":4,"4":4,"5":3,"6":4,"7":4,"8":4,"9":2,"10":7,"11":0},"b":{"0":[2,6],"1":[5,3],"2":[0,5],"3":[3,1,1],"4":[0,3],"5":[2,2],"6":[0,2],"7":[1,2],"8":[1,1],"9":[0,4],"10":[1,3],"11":[1,3],"12":[2,5],"13":[0,5],"14":[1,4],"15":[0,0],"16":[0,0],"17":[0,0]},"meta":{"lastBranch":18,"lastFunction":12,"lastStatement":73,"seen":{"f:4:16:4:22":0,"s:5:2:5:Infinity":0,"f:8:16:8:25":1,"s:10:2:10:Infinity":1,"b:11:2:13:Infinity:undefined:undefined:undefined:undefined":0,"s:11:2:13:Infinity":2,"s:12:4:12:Infinity":3,"f:12:28:12:33":2,"s:12:33:12:38":4,"s:14:12:14:Infinity":5,"s:15:12:15:Infinity":6,"s:16:12:16:Infinity":7,"s:18:14:18:Infinity":8,"s:19:14:19:Infinity":9,"s:20:10:20:13":10,"s:20:17:20:Infinity":11,"s:21:8:21:Infinity":12,"b:23:2:32:Infinity:undefined:undefined:undefined:undefined":1,"s:23:2:32:Infinity":13,"s:24:14:24:Infinity":14,"s:25:4:25:Infinity":15,"b:25:18:25:40:25:40:25:Infinity":2,"b:27:6:27:Infinity:28:6:28:Infinity:29:6:29:Infinity":3,"s:26:4:30:Infinity":16,"s:27:14:27:49":17,"b:27:41:27:45:27:45:27:49":4,"s:27:49:27:Infinity":18,"s:28:14:28:35":19,"s:28:35:28:Infinity":20,"s:29:14:29:35":21,"s:29:35:29:Infinity":22,"s:31:4:31:Infinity":23,"s:34:2:34:Infinity":24,"f:37:16:37:31":3,"s:38:2:43:Infinity":25,"f:46:16:46:27":4,"b:47:2:47:Infinity:undefined:undefined:undefined:undefined":5,"s:47:2:47:Infinity":26,"s:47:13:47:Infinity":27,"s:48:12:48:Infinity":28,"b:48:39:48:56:48:56:48:Infinity":6,"s:49:2:53:Infinity":29,"f:56:16:56:31":5,"b:57:2:57:Infinity:undefined:undefined:undefined:undefined":7,"s:57:2:57:Infinity":30,"s:57:13:57:Infinity":31,"s:58:12:58:Infinity":32,"b:58:39:58:56:58:56:58:Infinity":8,"s:59:2:65:Infinity":33,"f:68:16:68:26":6,"s:69:2:69:Infinity":34,"f:72:16:72:24":7,"s:73:12:73:Infinity":35,"b:73:39:73:56:73:56:73:Infinity":9,"s:74:2:74:Infinity":36,"s:75:2:75:Infinity":37,"f:78:16:78:28":8,"s:79:12:79:Infinity":38,"b:79:39:79:56:79:56:79:Infinity":10,"s:80:12:80:Infinity":39,"b:80:37:80:52:80:52:80:Infinity":11,"s:81:15:81:Infinity":40,"s:82:2:82:Infinity":41,"f:85:16:85:32":9,"s:86:2:86:Infinity":42,"f:89:16:89:25":10,"b:90:2:90:Infinity:undefined:undefined:undefined:undefined":12,"s:90:2:90:Infinity":43,"s:90:12:90:Infinity":44,"b:91:2:91:Infinity:undefined:undefined:undefined:undefined":13,"s:91:2:91:Infinity":45,"s:91:31:91:Infinity":46,"b:92:2:92:Infinity:undefined:undefined:undefined:undefined":14,"s:92:2:92:Infinity":47,"s:92:30:92:Infinity":48,"s:94:2:101:Infinity":49,"f:109:22:109:36":11,"s:110:20:110:Infinity":50,"s:111:19:111:Infinity":51,"s:112:2:112:Infinity":52,"s:114:22:114:Infinity":53,"s:117:18:117:Infinity":54,"b:117:18:117:51:117:51:117:Infinity":15,"b:119:2:139:Infinity:128:9:139:Infinity":16,"s:119:2:139:Infinity":55,"s:120:21:120:Infinity":56,"s:121:26:121:Infinity":57,"s:123:21:123:Infinity":58,"b:124:4:127:Infinity:undefined:undefined:undefined:undefined":17,"s:124:4:127:Infinity":59,"s:125:6:125:Infinity":60,"s:126:6:126:Infinity":61,"s:129:17:129:Infinity":62,"s:130:17:130:Infinity":63,"s:131:16:131:Infinity":64,"s:132:4:132:Infinity":65,"s:133:4:133:Infinity":66,"s:134:4:134:Infinity":67,"s:135:4:135:Infinity":68,"s:136:4:136:Infinity":69,"s:137:4:137:Infinity":70,"s:138:4:138:Infinity":71,"s:140:2:140:Infinity":72},"fnNames":{}}}
}
